RUN	ppppp.ppppp	ppppp	1613487970439	 	3.5.0
USER	ppppp	START	1613487971783
REQUEST		ppppp_0:GET_http://localhost:8080/signup	1613487971809	1613487972117	OK	 
REQUEST		favicon.ico	1613487972185	1613487972192	OK	 
REQUEST		styles.css	1613487972186	1613487972206	OK	 
REQUEST		ppppp_1:POST_http://localhost:8080/signup	1613487975245	1613487975323	OK	 
REQUEST		ppppp_1:POST_http://localhost:8080/signup Redirect 1	1613487975325	1613487975328	OK	 
REQUEST		styles.css	1613487975332	1613487975334	OK	 
REQUEST		favicon.ico	1613487975332	1613487975336	OK	 
REQUEST		ppppp_2:POST_http://localhost:8080/login	1613487976343	1613487976435	OK	 
REQUEST		ppppp_2:POST_http://localhost:8080/login Redirect 1	1613487976443	1613487976452	OK	 
REQUEST		styles.css	1613487976471	1613487976480	OK	 
REQUEST		favicon.ico	1613487976472	1613487976483	OK	 
REQUEST		ppppp_3:POST_http://localhost:8080/worker/new	1613487981496	1613487981516	OK	 
REQUEST		ppppp_3:POST_http://localhost:8080/worker/new Redirect 1	1613487981516	1613487981532	OK	 
REQUEST		styles.css	1613487981541	1613487981559	OK	 
REQUEST		ppppp_7:POST_http://localhost:8080/worker/new	1613487981542	1613487981579	OK	 
REQUEST		ppppp_6:POST_http://localhost:8080/worker/new	1613487981544	1613487986578	KO	status.find.in(200,201,202,203,204,205,206,207,208,209,304), found 500
REQUEST		favicon.ico	1613487981546	1613487986592	KO	status.find.in(200,201,202,203,204,205,206,207,208,209,304), found 500
REQUEST		ppppp_7:POST_http://localhost:8080/worker/new	1613487981580	1613487986596	KO	status.find.in(200,201,202,203,204,205,206,207,208,209,304), found 500
REQUEST		ppppp_11:POST_http://localhost:8080/worker/new	1613487981550	1613487991604	OK	 
REQUEST		ppppp_4:POST_http://localhost:8080/worker/new	1613487981546	1613487991614	KO	status.find.in(200,201,202,203,204,205,206,207,208,209,304), found 500
REQUEST		ppppp_10:POST_http://localhost:8080/worker/new	1613487981547	1613487991616	KO	status.find.in(200,201,202,203,204,205,206,207,208,209,304), found 500
REQUEST		ppppp_8:POST_http://localhost:8080/worker/new	1613487981548	1613487991617	KO	status.find.in(200,201,202,203,204,205,206,207,208,209,304), found 500
REQUEST		ppppp_9:POST_http://localhost:8080/worker/new	1613487981549	1613487991619	KO	status.find.in(200,201,202,203,204,205,206,207,208,209,304), found 500
REQUEST		ppppp_5:POST_http://localhost:8080/worker/new	1613487981551	1613487991620	KO	status.find.in(200,201,202,203,204,205,206,207,208,209,304), found 500
REQUEST		ppppp_11:POST_http://localhost:8080/worker/new	1613487991605	1613487991629	OK	 
REQUEST		ppppp_12:POST_http://localhost:8080/worker/new	1613487998644	1613487998655	OK	 
REQUEST		ppppp_12:POST_http://localhost:8080/worker/new Redirect 1	1613487998655	1613487998664	OK	 
REQUEST		ppppp_19:POST_http://localhost:8080/worker/new	1613487998684	1613487998722	OK	 
REQUEST		styles.css	1613487998706	1613487998730	OK	 
REQUEST		ppppp_25:POST_http://localhost:8080/worker/new	1613487998697	1613488003726	KO	status.find.in(200,201,202,203,204,205,206,207,208,209,304), found 500
REQUEST		favicon.ico	1613487998715	1613488003747	KO	status.find.in(200,201,202,203,204,205,206,207,208,209,304), found 500
REQUEST		ppppp_15:POST_http://localhost:8080/worker/new	1613487998716	1613488003748	KO	status.find.in(200,201,202,203,204,205,206,207,208,209,304), found 500
REQUEST		ppppp_21:POST_http://localhost:8080/worker/new	1613487998717	1613488003749	KO	status.find.in(200,201,202,203,204,205,206,207,208,209,304), found 500
REQUEST		ppppp_22:POST_http://localhost:8080/worker/new	1613487998700	1613488008761	OK	 
REQUEST		ppppp_19:POST_http://localhost:8080/worker/new	1613487998723	1613488008765	OK	 
REQUEST		ppppp_13:POST_http://localhost:8080/worker/new	1613487998696	1613488008767	OK	 
REQUEST		ppppp_18:POST_http://localhost:8080/worker/new	1613487998714	1613488008772	OK	 
REQUEST		ppppp_26:POST_http://localhost:8080/worker/new	1613487998713	1613488008788	KO	status.find.in(200,201,202,203,204,205,206,207,208,209,304), found 500
REQUEST		ppppp_17:POST_http://localhost:8080/worker/new	1613487998702	1613488008791	KO	status.find.in(200,201,202,203,204,205,206,207,208,209,304), found 500
REQUEST		ppppp_14:POST_http://localhost:8080/worker/new	1613487998691	1613488008791	KO	status.find.in(200,201,202,203,204,205,206,207,208,209,304), found 500
REQUEST		ppppp_20:POST_http://localhost:8080/worker/new	1613487998704	1613488008792	KO	status.find.in(200,201,202,203,204,205,206,207,208,209,304), found 500
REQUEST		ppppp_23:POST_http://localhost:8080/worker/new	1613487998694	1613488008793	KO	status.find.in(200,201,202,203,204,205,206,207,208,209,304), found 500
REQUEST		ppppp_16:POST_http://localhost:8080/worker/new	1613487998699	1613488008794	KO	status.find.in(200,201,202,203,204,205,206,207,208,209,304), found 500
REQUEST		ppppp_24:POST_http://localhost:8080/worker/new	1613487998689	1613488008805	KO	status.find.in(200,201,202,203,204,205,206,207,208,209,304), found 500
REQUEST		ppppp_13:POST_http://localhost:8080/worker/new	1613488008769	1613488008806	OK	 
REQUEST		ppppp_22:POST_http://localhost:8080/worker/new	1613488008762	1613488008808	OK	 
REQUEST		ppppp_18:POST_http://localhost:8080/worker/new	1613488008772	1613488008808	OK	 
REQUEST		ppppp_27:POST_http://localhost:8080/worker/new	1613488009824	1613488019830	KO	status.find.in(200,201,202,203,204,205,206,207,208,209,304), found 500
REQUEST		ppppp_28:GET_http://localhost:8080/worker/pause?id=117	1613488021840	1613488021845	KO	status.find.in(200,201,202,203,204,205,206,207,208,209,304), found 500
REQUEST		ppppp_29:GET_http://localhost:8080/worker/pause?id=122	1613488022858	1613488022861	KO	status.find.in(200,201,202,203,204,205,206,207,208,209,304), found 500
REQUEST		ppppp_30:GET_http://localhost:8080/worker/pause?id=128	1613488024869	1613488024872	KO	status.find.in(200,201,202,203,204,205,206,207,208,209,304), found 500
REQUEST		ppppp_31:GET_http://localhost:8080/worker/pause?id=134	1613488026880	1613488026883	KO	status.find.in(200,201,202,203,204,205,206,207,208,209,304), found 500
REQUEST		ppppp_33:GET_http://localhost:8080/worker/edit?id=120	1613488027888	1613488027892	KO	bodyBytes.find.is([B@42c8dabe), found [B@49f44291
REQUEST		ppppp_34:POST_http://localhost:8080/worker/edit	1613488029907	1613488029910	OK	 
REQUEST		ppppp_34:POST_http://localhost:8080/worker/edit Redirect 1	1613488029911	1613488029919	OK	 
REQUEST		styles.css	1613488029924	1613488029928	OK	 
REQUEST		favicon.ico	1613488029926	1613488029930	OK	 
REQUEST		ppppp_35:GET_http://localhost:8080/worker/delete?id=121	1613488031941	1613488031945	OK	 
REQUEST		ppppp_35:GET_http://localhost:8080/worker/delete?id=121 Redirect 1	1613488031945	1613488031953	KO	bodyBytes.find.is([B@63ddf9f2), found [B@1efee61a
REQUEST		ppppp_36:GET_http://localhost:8080/worker/chart?id=117	1613488033970	1613488033973	OK	 
REQUEST		ppppp_37:POST_http://localhost:8080/logout	1613488037979	1613488037997	OK	 
REQUEST		ppppp_37:POST_http://localhost:8080/logout Redirect 1	1613488037998	1613488038001	OK	 
REQUEST		favicon.ico	1613488038003	1613488038006	OK	 
REQUEST		styles.css	1613488038004	1613488038007	OK	 
USER	ppppp	END	1613488038014
